0 info it worked if it ends with ok
1 verbose cli [ 'D:\\develop\\FrontEndTool\\Basic\\nodejs\\node.exe',
1 verbose cli   'D:\\develop\\FrontEndTool\\Basic\\nodejs\\node_modules\\npm\\bin\\npm-cli.js',
1 verbose cli   'publish',
1 verbose cli   '--tag0.1.0' ]
2 info using npm@3.9.3
3 info using node@v6.2.1
4 verbose publish [ '.' ]
5 silly cache add args [ '.', null ]
6 verbose cache add spec .
7 silly cache add parsed spec Result {
7 silly cache add   raw: '.',
7 silly cache add   scope: null,
7 silly cache add   name: null,
7 silly cache add   rawSpec: '.',
7 silly cache add   spec: 'E:\\workspace\\Front\\vscode-workspace\\CommonModule\\npmModules\\amosTopo',
7 silly cache add   type: 'directory' }
8 verbose addLocalDirectory D:\develop\FrontEndTool\Basic\node_global\npm_cache\apt-ray\0.1.0\package.tgz not in flight; packing
9 verbose correctMkdir D:\develop\FrontEndTool\Basic\node_global\npm_cache correctMkdir not in flight; initializing
10 info lifecycle apt-ray@0.1.0~prepublish: apt-ray@0.1.0
11 silly lifecycle apt-ray@0.1.0~prepublish: no script for prepublish, continuing
12 verbose tar pack [ 'D:\\develop\\FrontEndTool\\Basic\\node_global\\npm_cache\\apt-ray\\0.1.0\\package.tgz',
12 verbose tar pack   'E:\\workspace\\Front\\vscode-workspace\\CommonModule\\npmModules\\amosTopo' ]
13 verbose tarball D:\develop\FrontEndTool\Basic\node_global\npm_cache\apt-ray\0.1.0\package.tgz
14 verbose folder E:\workspace\Front\vscode-workspace\CommonModule\npmModules\amosTopo
15 verbose addLocalTarball adding from inside cache D:\develop\FrontEndTool\Basic\node_global\npm_cache\apt-ray\0.1.0\package.tgz
16 verbose correctMkdir D:\develop\FrontEndTool\Basic\node_global\npm_cache correctMkdir not in flight; initializing
17 silly cache afterAdd apt-ray@0.1.0
18 verbose afterAdd D:\develop\FrontEndTool\Basic\node_global\npm_cache\apt-ray\0.1.0\package\package.json not in flight; writing
19 verbose correctMkdir D:\develop\FrontEndTool\Basic\node_global\npm_cache correctMkdir not in flight; initializing
20 verbose afterAdd D:\develop\FrontEndTool\Basic\node_global\npm_cache\apt-ray\0.1.0\package\package.json written
21 silly publish { name: 'apt-ray',
21 silly publish   version: '0.1.0',
21 silly publish   description: 'one topo tool for my personal project',
21 silly publish   main: 'index.js',
21 silly publish   scripts: { test: 'echo "Error: no test specified" && exit 1' },
21 silly publish   repository:
21 silly publish    { type: 'git',
21 silly publish      url: 'git+https://github.com/ilex0208/amosTopo.git' },
21 silly publish   keywords: [ 'personal', 'tool', 'apt' ],
21 silly publish   author: { name: 'ilex' },
21 silly publish   license: 'MIT',
21 silly publish   bugs: { url: 'https://github.com/ilex0208/amosTopo/issues' },
21 silly publish   homepage: 'https://github.com/ilex0208/amosTopo#readme',
21 silly publish   devDependencies:
21 silly publish    { 'dom-support': '0.0.2',
21 silly publish      extend: '^3.0.0',
21 silly publish      'get-document': '^1.0.0',
21 silly publish      'within-element': '^0.1.0' },
21 silly publish   readme: '# amosTopo\none topo tool\n',
21 silly publish   readmeFilename: 'README.md',
21 silly publish   gitHead: '3d7cfe5be495196ec447c52db4e5eddc4b25a8b4',
21 silly publish   _id: 'apt-ray@0.1.0',
21 silly publish   _shasum: '0aee3f7396d8e84544b52ab48142ed1bf1fed387',
21 silly publish   _from: '.' }
22 verbose getPublishConfig undefined
23 silly mapToRegistry name apt-ray
24 silly mapToRegistry using default registry
25 silly mapToRegistry registry https://registry.npmjs.org/
26 silly mapToRegistry data Result {
26 silly mapToRegistry   raw: 'apt-ray',
26 silly mapToRegistry   scope: null,
26 silly mapToRegistry   name: 'apt-ray',
26 silly mapToRegistry   rawSpec: '',
26 silly mapToRegistry   spec: 'latest',
26 silly mapToRegistry   type: 'tag' }
27 silly mapToRegistry uri https://registry.npmjs.org/apt-ray
28 verbose publish registryBase https://registry.npmjs.org/
29 silly publish uploading D:\develop\FrontEndTool\Basic\node_global\npm_cache\apt-ray\0.1.0\package.tgz
30 verbose request uri https://registry.npmjs.org/apt-ray
31 verbose request sending authorization for write operation
32 info attempt registry request try #1 at 17:29:22
33 verbose request using bearer token for auth
34 verbose request id ab40dc1af9d7057e
35 http request PUT https://registry.npmjs.org/apt-ray
36 info retry will retry, error on last attempt: Error: read ECONNRESET
37 info attempt registry request try #2 at 17:34:11
38 verbose request using bearer token for auth
39 http request PUT https://registry.npmjs.org/apt-ray
40 http 503 https://registry.npmjs.org/apt-ray
41 verbose bad json <?xml version="1.0" encoding="utf-8"?>
41 verbose bad json <!DOCTYPE html PUBLIC "-//W3C//DTD XHTML 1.0 Strict//EN"
41 verbose bad json  "http://www.w3.org/TR/xhtml1/DTD/xhtml1-strict.dtd">
41 verbose bad json <html>
41 verbose bad json   <head>
41 verbose bad json     <title>503 client read error</title>
41 verbose bad json   </head>
41 verbose bad json   <body>
41 verbose bad json     <h1>Error 503 client read error</h1>
41 verbose bad json     <p>client read error</p>
41 verbose bad json     <h3>Guru Mediation:</h3>
41 verbose bad json     <p>Details: cache-ams4437-AMS 1478857064 2791770682</p>
41 verbose bad json     <hr>
41 verbose bad json     <p>Varnish cache server</p>
41 verbose bad json   </body>
41 verbose bad json </html>
42 error registry error parsing json
43 verbose headers { server: 'Varnish',
43 verbose headers   'retry-after': '0',
43 verbose headers   'content-type': 'text/html; charset=utf-8',
43 verbose headers   'content-length': '445',
43 verbose headers   'accept-ranges': 'bytes',
43 verbose headers   date: 'Fri, 11 Nov 2016 09:37:44 GMT',
43 verbose headers   via: '1.1 varnish',
43 verbose headers   connection: 'close',
43 verbose headers   'x-served-by': 'cache-ams4437-AMS',
43 verbose headers   'x-cache': 'MISS',
43 verbose headers   'x-cache-hits': '0',
43 verbose headers   'x-timer': 'S1478856864.258370,VS0,VE199830' }
44 info retry will retry, error on last attempt: SyntaxError: Unexpected token < in JSON at position 1
44 info retry
44 info retry <?xml version="1.0" encoding="utf-8"?>
44 info retry <!DOCTYPE html PUBLIC "-//W3C//DTD XHTML 1.0 Strict//EN"
44 info retry  "http://www.w3.org/TR/xhtml1/DTD/xhtml1-strict.dtd">
44 info retry <html>
44 info retry   <head>
44 info retry     <title>503 client read error</title>
44 info retry   </head>
44 info retry   <body>
44 info retry     <h1>Error 503 client read error</h1>
44 info retry     <p>client read error</p>
44 info retry     <h3>Guru Mediation:</h3>
44 info retry     <p>Details: cache-ams4437-AMS 1478857064 2791770682</p>
44 info retry     <hr>
44 info retry     <p>Varnish cache server</p>
44 info retry   </body>
44 info retry </html>
45 info attempt registry request try #3 at 17:38:43
46 verbose request using bearer token for auth
47 http request PUT https://registry.npmjs.org/apt-ray
48 verbose request invalidating D:\develop\FrontEndTool\Basic\node_global\npm_cache\registry.npmjs.org\apt-ray on PUT
49 error publish Failed PUT undefined
50 verbose stack Error: read ECONNRESET
50 verbose stack     at exports._errnoException (util.js:1007:11)
50 verbose stack     at TLSWrap.onread (net.js:563:26)
51 verbose cwd E:\workspace\Front\vscode-workspace\CommonModule\npmModules\amosTopo
52 error Windows_NT 10.0.14393
53 error argv "D:\\develop\\FrontEndTool\\Basic\\nodejs\\node.exe" "D:\\develop\\FrontEndTool\\Basic\\nodejs\\node_modules\\npm\\bin\\npm-cli.js" "publish" "--tag0.1.0"
54 error node v6.2.1
55 error npm  v3.9.3
56 error code ECONNRESET
57 error errno ECONNRESET
58 error syscall read
59 error network read ECONNRESET
60 error network This is most likely not a problem with npm itself
60 error network and is related to network connectivity.
60 error network In most cases you are behind a proxy or have bad network settings.
60 error network
60 error network If you are behind a proxy, please make sure that the
60 error network 'proxy' config is set properly.  See: 'npm help config'
61 verbose exit [ 1, true ]
